\BOOKMARK [1][-]{section.1}{Caso 98: Analizar Documento: Descripci\363n de Flujos y Procesos de la Plataforma de Correo de CANTV.NET }{}
\BOOKMARK [1][-]{section.2}{Caso 93: Analizar Documento Dise\361o y Operaci\363n Soluci\363n OpenLDAP }{}
\BOOKMARK [1][-]{section.3}{Caso 92: Construir esquema Documento An\341lisis CANTV.NET }{}
\BOOKMARK [1][-]{section.4}{Caso 91: Migrar Diagramas CANTV.NET a DIA }{}
\BOOKMARK [1][-]{section.5}{Caso 90: Crear Documento An\341lisis CANTV.NET }{}
\BOOKMARK [1][-]{section.6}{Caso 76: Analizar Documento: Configuracion del Servicio DNS corporativo de CANTV.doc }{}
\BOOKMARK [1][-]{section.7}{Caso 74: Analizar Documento: CANTVOperaciones2005.doc }{}
\BOOKMARK [1][-]{section.8}{Caso 73: Analizar Documento: Situaci\363n actual y an\341lisis de espacio de la Plataforma de Mensajeria Corporativa.doc }{}
\BOOKMARK [1][-]{section.9}{Caso 72: Analizar Documento: Matrizdeinterfaces\(proveedores\).xls }{}
\BOOKMARK [1][-]{section.10}{Caso 71: Analizar Documento: Exchange Topology.jpg }{}
\BOOKMARK [1][-]{section.11}{Caso 70: Analizar Documento: Exchange Topology 2006.jpg }{}
\BOOKMARK [1][-]{section.12}{Caso 69: Analizar Documento: Configuraci\363n del Storage Exchnas.doc }{}
\BOOKMARK [1][-]{section.13}{Caso 68: Analizar Documento: DescripcionGeneralDelSistemadeMensajeriadeCantv.doc }{}
\BOOKMARK [1][-]{section.14}{Caso 67: Analizar Documento: Guia de Operaciones Exchange.doc }{}
\BOOKMARK [1][-]{section.15}{Caso 66: Analizar Documento: Red Exchange.jpg }{}
\BOOKMARK [1][-]{section.16}{Caso 65: Analizar Documento: Manual de Operaciones - CANTV-11-2005.doc }{}
\BOOKMARK [1][-]{section.17}{Caso 64: Analizar Documento CANTV Operaciones2007.doc }{}
\BOOKMARK [1][-]{section.18}{Caso 63: Analizar Documento NASEXCHANGE.ppt }{}
\BOOKMARK [1][-]{section.19}{Caso 62: Analizar Documento Matriz funcional exchange \(usuarios\).xls }{}
\BOOKMARK [1][-]{section.20}{Caso 61: Analizar Documento Matriz funcional \(Wins\).xls }{}
\BOOKMARK [1][-]{section.21}{Caso 60: Analizar Documento: LDAPMatriz funcional \(usuarios\).xls }{}
\BOOKMARK [1][-]{section.22}{Caso 59: Analizar Presentaci\363n DirectorioActivoyManejodeIdentidades.ppt }{}
\BOOKMARK [1][-]{section.23}{Caso 58: Analizar Documento DirectorioActivoCANTV2003.ppt }{}
\BOOKMARK [1][-]{section.24}{Caso 57: Crear Documento An\341lisis de Infraestructura de Directorio Activo doc003 }{}
\BOOKMARK [1][-]{section.25}{Caso 55: Documento An\341lisis de Plataforma de Correo Corporativo Exchange doc002 }{}
\BOOKMARK [1][-]{section.26}{Caso 52: Analizar Documentos de Exchange 2003 }{}
\BOOKMARK [1][-]{section.27}{Caso 50: Analizar Documentos Directorio Activo }{}
\BOOKMARK [1][-]{section.28}{Caso 49: Analizar Documentos sobre DNS }{}
\BOOKMARK [1][-]{section.29}{Caso 47: Analizar Informaci\363n relacionada al correo CANTV.NET }{}
\BOOKMARK [1][-]{section.30}{Caso 42: Reuni\363n 30 Junio 2011 Servicio DHCP }{}
\BOOKMARK [1][-]{section.31}{Caso 24: Reuni\363n: Piso 5 Edificio NEA, Sala de Auditoria, Ala Norte }{}
\BOOKMARK [1][-]{section.32}{Caso 21: Migrar los diagramas construidos en formato de Microsoft Visio a DIA }{}
